<?xml version="1.0" encoding="UTF-8"?>
<testsuite name="dev.supermux.desktop.workspace.WorkspaceLayoutTest" tests="9" skipped="0" failures="0" errors="0" timestamp="2026-07-09T20:00:08.160Z" hostname="ustalabs" time="0.005">
  <properties/>
  <testcase name="pruneDropsDeadSessions" classname="dev.supermux.desktop.workspace.WorkspaceLayoutTest" time="0.001"/>
  <testcase name="canHideChatWhenWorkPresent" classname="dev.supermux.desktop.workspace.WorkspaceLayoutTest" time="0.001"/>
  <testcase name="defaultPanesAreChatOnly" classname="dev.supermux.desktop.workspace.WorkspaceLayoutTest" time="0.0"/>
  <testcase name="paneStateIsPerSession" classname="dev.supermux.desktop.workspace.WorkspaceLayoutTest" time="0.0"/>
  <testcase name="sidebarWidthClampsToRange" classname="dev.supermux.desktop.workspace.WorkspaceLayoutTest" time="0.001"/>
  <testcase name="cannotHideChatWhenNoWork" classname="dev.supermux.desktop.workspace.WorkspaceLayoutTest" time="0.0"/>
  <testcase name="neverEmptyInvariant_closingLastWorkPaneRestoresChat" classname="dev.supermux.desktop.workspace.WorkspaceLayoutTest" time="0.001"/>
  <testcase name="fractionsClampToTheirRanges" classname="dev.supermux.desktop.workspace.WorkspaceLayoutTest" time="0.0"/>
  <testcase name="snapshotRoundTrips" classname="dev.supermux.desktop.workspace.WorkspaceLayoutTest" time="0.001"/>
  <system-out><![CDATA[]]></system-out>
  <system-err><![CDATA[]]></system-err>
</testsuite>
