<?xml version="1.0" encoding="UTF-8"?>
<testsuite name="dev.supermux.desktop.editor.EditorStateTest" tests="34" skipped="0" failures="0" errors="0" timestamp="2026-07-09T20:00:03.375Z" hostname="ustalabs" time="0.072">
  <properties/>
  <testcase name="tree_and_search_ui_state_defaults" classname="dev.supermux.desktop.editor.EditorStateTest" time="0.001"/>
  <testcase name="close_tab_removes_and_selects_neighbor" classname="dev.supermux.desktop.editor.EditorStateTest" time="0.003"/>
  <testcase name="save_active_clears_dirty_when_write_succeeds" classname="dev.supermux.desktop.editor.EditorStateTest" time="0.002"/>
  <testcase name="reload_completion_does_not_stomp_a_concurrent_opens_loading_gate" classname="dev.supermux.desktop.editor.EditorStateTest" time="0.008"/>
  <testcase name="overlapping_cross_path_opens_keep_the_last_opened_active_regardless_of_return_order" classname="dev.supermux.desktop.editor.EditorStateTest" time="0.004"/>
  <testcase name="reload_is_a_no_op_for_a_path_with_no_open_tab" classname="dev.supermux.desktop.editor.EditorStateTest" time="0.003"/>
  <testcase name="closing_inactive_tab_keeps_active" classname="dev.supermux.desktop.editor.EditorStateTest" time="0.001"/>
  <testcase name="open_file_failure_sets_load_error" classname="dev.supermux.desktop.editor.EditorStateTest" time="0.0"/>
  <testcase name="open_file_at_line_sets_reveal_immediately_when_the_tab_is_already_open" classname="dev.supermux.desktop.editor.EditorStateTest" time="0.0"/>
  <testcase name="select_tab_switches_active_and_clears_load_error" classname="dev.supermux.desktop.editor.EditorStateTest" time="0.001"/>
  <testcase name="capture_outgoing_scroll_is_a_no_op_with_no_active_tab" classname="dev.supermux.desktop.editor.EditorStateTest" time="0.001"/>
  <testcase name="is_dirty_is_false_for_a_path_with_no_open_tab" classname="dev.supermux.desktop.editor.EditorStateTest" time="0.0"/>
  <testcase name="mark_changed_flags_paths_as_stale_and_normalizes_a_leading_slash" classname="dev.supermux.desktop.editor.EditorStateTest" time="0.001"/>
  <testcase name="update_content_flips_is_dirty" classname="dev.supermux.desktop.editor.EditorStateTest" time="0.0"/>
  <testcase name="twelve_distinct_files_kept_no_cap" classname="dev.supermux.desktop.editor.EditorStateTest" time="0.004"/>
  <testcase name="save_active_is_a_no_op_while_already_saving" classname="dev.supermux.desktop.editor.EditorStateTest" time="0.002"/>
  <testcase name="open_file_dedupes_two_un_advanced_opens_of_the_same_path" classname="dev.supermux.desktop.editor.EditorStateTest" time="0.003"/>
  <testcase name="reopen_after_close_cancel_loads_normally" classname="dev.supermux.desktop.editor.EditorStateTest" time="0.004"/>
  <testcase name="open_file_appends_and_activates" classname="dev.supermux.desktop.editor.EditorStateTest" time="0.0"/>
  <testcase name="open_file_at_line_with_a_null_line_just_opens_without_a_reveal" classname="dev.supermux.desktop.editor.EditorStateTest" time="0.0"/>
  <testcase name="capture_active_scroll_stores_on_the_active_tab_only" classname="dev.supermux.desktop.editor.EditorStateTest" time="0.001"/>
  <testcase name="save_active_is_a_no_op_when_there_is_no_active_tab" classname="dev.supermux.desktop.editor.EditorStateTest" time="0.0"/>
  <testcase name="close_tab_on_an_unknown_path_is_a_no_op" classname="dev.supermux.desktop.editor.EditorStateTest" time="0.001"/>
  <testcase name="capture_outgoing_scroll_lands_on_the_tab_that_was_active_at_call_time" classname="dev.supermux.desktop.editor.EditorStateTest" time="0.001"/>
  <testcase name="close_tab_during_in_flight_load_drops_the_result_no_resurrect" classname="dev.supermux.desktop.editor.EditorStateTest" time="0.003"/>
  <testcase name="reload_failure_sets_load_error_and_leaves_the_stale_flag_untouched" classname="dev.supermux.desktop.editor.EditorStateTest" time="0.003"/>
  <testcase name="reload_refreshes_content_clears_dirty_and_stale_flag" classname="dev.supermux.desktop.editor.EditorStateTest" time="0.003"/>
  <testcase name="close_tab_during_reload_consumes_the_cancel_and_drops_the_result" classname="dev.supermux.desktop.editor.EditorStateTest" time="0.005"/>
  <testcase name="open_a_open_b_close_b_mid_load_still_activates_a" classname="dev.supermux.desktop.editor.EditorStateTest" time="0.003"/>
  <testcase name="save_active_keeps_dirty_when_write_fails" classname="dev.supermux.desktop.editor.EditorStateTest" time="0.0"/>
  <testcase name="open_file_at_line_polls_until_the_tab_arrives_then_sets_reveal" classname="dev.supermux.desktop.editor.EditorStateTest" time="0.003"/>
  <testcase name="open_file_at_line_drops_a_superseded_reveal_and_applies_the_newest" classname="dev.supermux.desktop.editor.EditorStateTest" time="0.005"/>
  <testcase name="reopening_existing_file_just_activates_no_duplicate" classname="dev.supermux.desktop.editor.EditorStateTest" time="0.001"/>
  <testcase name="search_query_is_plain_mutable_state" classname="dev.supermux.desktop.editor.EditorStateTest" time="0.0"/>
  <system-out><![CDATA[[EditorState] openFileAtLine('a.kt') reveal superseded — dropping stale reveal
]]></system-out>
  <system-err><![CDATA[]]></system-err>
</testsuite>
