<?xml version="1.0" encoding="UTF-8"?>
<testsuite name="dev.supermux.desktop.workspace.WorkspaceShortcutsTest" tests="8" skipped="0" failures="0" errors="0" timestamp="2026-07-09T20:00:08.168Z" hostname="ustalabs" time="0.007">
  <properties/>
  <testcase name="applyToggleSidebarFlipsCollapsed" classname="dev.supermux.desktop.workspace.WorkspaceShortcutsTest" time="0.003"/>
  <testcase name="applyNewSessionInvokesCallback" classname="dev.supermux.desktop.workspace.WorkspaceShortcutsTest" time="0.001"/>
  <testcase name="paneShortcutsRequireSelection" classname="dev.supermux.desktop.workspace.WorkspaceShortcutsTest" time="0.0"/>
  <testcase name="globalShortcutsResolveWithoutSelection" classname="dev.supermux.desktop.workspace.WorkspaceShortcutsTest" time="0.0"/>
  <testcase name="applyPaneToggleNoOpsWithoutSelection" classname="dev.supermux.desktop.workspace.WorkspaceShortcutsTest" time="0.001"/>
  <testcase name="mappingIsCaseInsensitive" classname="dev.supermux.desktop.workspace.WorkspaceShortcutsTest" time="0.0"/>
  <testcase name="applyPaneToggleUsesSelectedId" classname="dev.supermux.desktop.workspace.WorkspaceShortcutsTest" time="0.001"/>
  <testcase name="unboundKeysAreNull" classname="dev.supermux.desktop.workspace.WorkspaceShortcutsTest" time="0.001"/>
  <system-out><![CDATA[]]></system-out>
  <system-err><![CDATA[]]></system-err>
</testsuite>
