<?xml version="1.0" encoding="UTF-8"?>
<testsuite name="dev.supermux.desktop.editor.EditorPrefsStoreTest" tests="5" skipped="0" failures="0" errors="0" timestamp="2026-07-09T20:00:03.330Z" hostname="ustalabs" time="0.018">
  <properties/>
  <testcase name="load_clamps_a_hand_edited_out_of_range_font_size" classname="dev.supermux.desktop.editor.EditorPrefsStoreTest" time="0.005"/>
  <testcase name="load_returns_defaults_when_the_file_is_missing" classname="dev.supermux.desktop.editor.EditorPrefsStoreTest" time="0.001"/>
  <testcase name="load_falls_back_to_defaults_on_a_corrupt_file" classname="dev.supermux.desktop.editor.EditorPrefsStoreTest" time="0.008"/>
  <testcase name="save_clamps_an_out_of_range_font_size_to_the_bundle_range" classname="dev.supermux.desktop.editor.EditorPrefsStoreTest" time="0.002"/>
  <testcase name="save_then_load_round_trips_line_wrap_and_font_size" classname="dev.supermux.desktop.editor.EditorPrefsStoreTest" time="0.002"/>
  <system-out><![CDATA[[EditorPrefsStore] corrupt editor-settings.json ignored: kotlinx.serialization.json.JsonDecodingException: Unexpected JSON token at offset 2: Expected quotation mark '"', but had 'n' instead at path: $
JSON input: { not json
]]></system-out>
  <system-err><![CDATA[]]></system-err>
</testsuite>
