<?xml version="1.0" encoding="UTF-8"?>
<testsuite name="dev.supermux.desktop.auth.DesktopTokenStoreTest" tests="9" skipped="0" failures="0" errors="0" timestamp="2026-07-09T19:59:55.470Z" hostname="ustalabs" time="0.235">
  <properties/>
  <testcase name="clear_returns_false_when_delete_fails" classname="dev.supermux.desktop.auth.DesktopTokenStoreTest" time="0.185"/>
  <testcase name="file_is_owner_only_on_posix" classname="dev.supermux.desktop.auth.DesktopTokenStoreTest" time="0.014"/>
  <testcase name="clear_on_missing_file_is_true" classname="dev.supermux.desktop.auth.DesktopTokenStoreTest" time="0.001"/>
  <testcase name="corrupt_file_reads_as_empty" classname="dev.supermux.desktop.auth.DesktopTokenStoreTest" time="0.02"/>
  <testcase name="saves_and_reloads_across_instances" classname="dev.supermux.desktop.auth.DesktopTokenStoreTest" time="0.002"/>
  <testcase name="starts_empty" classname="dev.supermux.desktop.auth.DesktopTokenStoreTest" time="0.0"/>
  <testcase name="clear_removes_both" classname="dev.supermux.desktop.auth.DesktopTokenStoreTest" time="0.002"/>
  <testcase name="temp_file_not_left_behind_after_save" classname="dev.supermux.desktop.auth.DesktopTokenStoreTest" time="0.008"/>
  <testcase name="default_path_is_under_config_dir" classname="dev.supermux.desktop.auth.DesktopTokenStoreTest" time="0.001"/>
  <system-out><![CDATA[]]></system-out>
  <system-err><![CDATA[]]></system-err>
</testsuite>
