<?xml version="1.0" encoding="UTF-8"?>
<testsuite name="dev.supermux.desktop.editor.FileTreeTest" tests="10" skipped="0" failures="0" errors="0" timestamp="2026-07-09T20:00:03.556Z" hostname="ustalabs" time="0.013">
  <properties/>
  <testcase name="sorted_for_tree_keeps_relative_order_for_case_insensitive_ties" classname="dev.supermux.desktop.editor.FileTreeTest" time="0.0"/>
  <testcase name="sorted_for_tree_on_an_empty_list_is_empty" classname="dev.supermux.desktop.editor.FileTreeTest" time="0.0"/>
  <testcase name="load_and_expand_marks_expanded_and_clears_error_on_success" classname="dev.supermux.desktop.editor.FileTreeTest" time="0.004"/>
  <testcase name="load_and_expand_is_a_no_op_when_the_dir_is_already_loading" classname="dev.supermux.desktop.editor.FileTreeTest" time="0.003"/>
  <testcase name="child_path_joins_nested_dirs_with_a_slash" classname="dev.supermux.desktop.editor.FileTreeTest" time="0.001"/>
  <testcase name="child_path_joins_directly_under_the_tree_root_without_a_dot_slash_prefix" classname="dev.supermux.desktop.editor.FileTreeTest" time="0.0"/>
  <testcase name="sorted_for_tree_sorts_directories_case_insensitively_within_the_dir_group" classname="dev.supermux.desktop.editor.FileTreeTest" time="0.0"/>
  <testcase name="sorted_for_tree_sorts_files_case_insensitively_within_the_file_group" classname="dev.supermux.desktop.editor.FileTreeTest" time="0.001"/>
  <testcase name="load_and_expand_does_not_expand_and_records_error_on_failure" classname="dev.supermux.desktop.editor.FileTreeTest" time="0.003"/>
  <testcase name="sorted_for_tree_puts_directories_before_files" classname="dev.supermux.desktop.editor.FileTreeTest" time="0.0"/>
  <system-out><![CDATA[[FileTree] loadDir('src') failed: java.lang.RuntimeException: permission denied
]]></system-out>
  <system-err><![CDATA[]]></system-err>
</testsuite>
