<?xml version="1.0" encoding="UTF-8"?>
<testsuite name="dev.supermux.desktop.pairing.PairingStateTest" tests="16" skipped="0" failures="0" errors="0" timestamp="2026-07-09T20:00:03.577Z" hostname="ustalabs" time="0.139">
  <properties/>
  <testcase name="bare_token_with_fallback_base_reaches_the_probe_seam" classname="dev.supermux.desktop.pairing.PairingStateTest" time="0.067"/>
  <testcase name="parse_failure_after_close_still_reports_error" classname="dev.supermux.desktop.pairing.PairingStateTest" time="0.002"/>
  <testcase name="garbage_input_is_an_error_without_touching_the_network" classname="dev.supermux.desktop.pairing.PairingStateTest" time="0.002"/>
  <testcase name="fallback_base_url_is_null_when_unset" classname="dev.supermux.desktop.pairing.PairingStateTest" time="0.002"/>
  <testcase name="reset_error_clears_back_to_idle" classname="dev.supermux.desktop.pairing.PairingStateTest" time="0.031"/>
  <testcase name="close_is_idempotent" classname="dev.supermux.desktop.pairing.PairingStateTest" time="0.001"/>
  <testcase name="fallback_base_url_reads_from_the_store" classname="dev.supermux.desktop.pairing.PairingStateTest" time="0.004"/>
  <testcase name="cancel_confirm_returns_to_idle" classname="dev.supermux.desktop.pairing.PairingStateTest" time="0.003"/>
  <testcase name="failed_probe_transitions_to_error" classname="dev.supermux.desktop.pairing.PairingStateTest" time="0.004"/>
  <testcase name="validate_after_close_still_works_via_the_probe_seam" classname="dev.supermux.desktop.pairing.PairingStateTest" time="0.003"/>
  <testcase name="valid_link_probes_and_transitions_to_confirm" classname="dev.supermux.desktop.pairing.PairingStateTest" time="0.004"/>
  <testcase name="reset_error_is_a_no_op_outside_error_state" classname="dev.supermux.desktop.pairing.PairingStateTest" time="0.002"/>
  <testcase name="confirm_persist_saves_base_and_token_and_marks_paired" classname="dev.supermux.desktop.pairing.PairingStateTest" time="0.005"/>
  <testcase name="close_before_any_validate_is_safe" classname="dev.supermux.desktop.pairing.PairingStateTest" time="0.003"/>
  <testcase name="bare_token_without_fallback_base_is_an_error" classname="dev.supermux.desktop.pairing.PairingStateTest" time="0.002"/>
  <testcase name="blank_input_is_an_error" classname="dev.supermux.desktop.pairing.PairingStateTest" time="0.003"/>
  <system-out><![CDATA[]]></system-out>
  <system-err><![CDATA[SLF4J(W): No SLF4J providers were found.
SLF4J(W): Defaulting to no-operation (NOP) logger implementation
SLF4J(W): See https://www.slf4j.org/codes.html#noProviders for further details.
]]></system-err>
</testsuite>
